This is pdfTeX, Version 3.141592653-2.6-1.40.25 (TeX Live 2023) (preloaded format=pdflatex 2023.8.20)  26 AUG 2023 16:46
entering extended mode
 restricted \write18 enabled.
 %&-line parsing enabled.
**22001158.tex
(./22001158.tex
LaTeX2e <2022-11-01> patch level 1
L3 programming layer <2023-02-22>
(/usr/local/texlive/2023basic/texmf-dist/tex/latex/base/article.cls
Document Class: article 2022/07/02 v1.4n Standard LaTeX document class
(/usr/local/texlive/2023basic/texmf-dist/tex/latex/base/size10.clo
File: size10.clo 2022/07/02 v1.4n Standard LaTeX file (size option)
)
\c@part=\count185
\c@section=\count186
\c@subsection=\count187
\c@subsubsection=\count188
\c@paragraph=\count189
\c@subparagraph=\count190
\c@figure=\count191
\c@table=\count192
\abovecaptionskip=\skip48
\belowcaptionskip=\skip49
\bibindent=\dimen140
)
(/usr/local/texlive/2023basic/texmf-dist/tex/latex/graphics/graphicx.sty
Package: graphicx 2021/09/16 v1.2d Enhanced LaTeX Graphics (DPC,SPQR)

(/usr/local/texlive/2023basic/texmf-dist/tex/latex/graphics/keyval.sty
Package: keyval 2022/05/29 v1.15 key=value parser (DPC)
\KV@toks@=\toks16
)
(/usr/local/texlive/2023basic/texmf-dist/tex/latex/graphics/graphics.sty
Package: graphics 2022/03/10 v1.4e Standard LaTeX Graphics (DPC,SPQR)

(/usr/local/texlive/2023basic/texmf-dist/tex/latex/graphics/trig.sty
Package: trig 2021/08/11 v1.11 sin cos tan (DPC)
)
(/usr/local/texlive/2023basic/texmf-dist/tex/latex/graphics-cfg/graphics.cfg
File: graphics.cfg 2016/06/04 v1.11 sample graphics configuration
)
Package graphics Info: Driver file: pdftex.def on input line 107.

(/usr/local/texlive/2023basic/texmf-dist/tex/latex/graphics-def/pdftex.def
File: pdftex.def 2022/09/22 v1.2b Graphics/color driver for pdftex
))
\Gin@req@height=\dimen141
\Gin@req@width=\dimen142
)
(/usr/local/texlive/2023basic/texmf-dist/tex/latex/float/float.sty
Package: float 2001/11/08 v1.3d Float enhancements (AL)
\c@float@type=\count193
\float@exts=\toks17
\float@box=\box51
\@float@everytoks=\toks18
\@floatcapt=\box52
)
(/usr/local/texlive/2023basic/texmf-dist/tex/latex/geometry/geometry.sty
Package: geometry 2020/01/02 v5.9 Page Geometry

(/usr/local/texlive/2023basic/texmf-dist/tex/generic/iftex/ifvtex.sty
Package: ifvtex 2019/10/25 v1.7 ifvtex legacy package. Use iftex instead.

(/usr/local/texlive/2023basic/texmf-dist/tex/generic/iftex/iftex.sty
Package: iftex 2022/02/03 v1.0f TeX engine tests
))
\Gm@cnth=\count194
\Gm@cntv=\count195
\c@Gm@tempcnt=\count196
\Gm@bindingoffset=\dimen143
\Gm@wd@mp=\dimen144
\Gm@odd@mp=\dimen145
\Gm@even@mp=\dimen146
\Gm@layoutwidth=\dimen147
\Gm@layoutheight=\dimen148
\Gm@layouthoffset=\dimen149
\Gm@layoutvoffset=\dimen150
\Gm@dimlist=\toks19
)
(/usr/local/texlive/2023basic/texmf-dist/tex/latex/l3backend/l3backend-pdftex.d
ef
File: l3backend-pdftex.def 2023-01-16 L3 backend support: PDF output (pdfTeX)
\l__color_backend_stack_int=\count197
\l__pdf_internal_box=\box53
) (./22001158.aux)
\openout1 = `22001158.aux'.

LaTeX Font Info:    Checking defaults for OML/cmm/m/it on input line 9.
LaTeX Font Info:    ... okay on input line 9.
LaTeX Font Info:    Checking defaults for OMS/cmsy/m/n on input line 9.
LaTeX Font Info:    ... okay on input line 9.
LaTeX Font Info:    Checking defaults for OT1/cmr/m/n on input line 9.
LaTeX Font Info:    ... okay on input line 9.
LaTeX Font Info:    Checking defaults for T1/cmr/m/n on input line 9.
LaTeX Font Info:    ... okay on input line 9.
LaTeX Font Info:    Checking defaults for TS1/cmr/m/n on input line 9.
LaTeX Font Info:    ... okay on input line 9.
LaTeX Font Info:    Checking defaults for OMX/cmex/m/n on input line 9.
LaTeX Font Info:    ... okay on input line 9.
LaTeX Font Info:    Checking defaults for U/cmr/m/n on input line 9.
LaTeX Font Info:    ... okay on input line 9.

(/usr/local/texlive/2023basic/texmf-dist/tex/context/base/mkii/supp-pdf.mkii
[Loading MPS to PDF converter (version 2006.09.02).]
\scratchcounter=\count198
\scratchdimen=\dimen151
\scratchbox=\box54
\nofMPsegments=\count199
\nofMParguments=\count266
\everyMPshowfont=\toks20
\MPscratchCnt=\count267
\MPscratchDim=\dimen152
\MPnumerator=\count268
\makeMPintoPDFobject=\count269
\everyMPtoPDFconversion=\toks21
)
(/usr/local/texlive/2023basic/texmf-dist/tex/latex/epstopdf-pkg/epstopdf-base.s
ty
Package: epstopdf-base 2020-01-24 v2.11 Base part for package epstopdf
Package epstopdf-base Info: Redefining graphics rule for `.eps' on input line 4
85.

(/usr/local/texlive/2023basic/texmf-dist/tex/latex/latexconfig/epstopdf-sys.cfg
File: epstopdf-sys.cfg 2010/07/13 v1.3 Configuration of (r)epstopdf for TeX Liv
e
))
*geometry* driver: auto-detecting
*geometry* detected driver: pdftex
*geometry* verbose mode - [ preamble ] result:
* driver: pdftex
* paper: a4paper
* layout: <same size as paper>
* layoutoffset:(h,v)=(0.0pt,0.0pt)
* modes: 
* h-part:(L,W,R)=(72.26999pt, 452.9679pt, 72.26999pt)
* v-part:(T,H,B)=(72.26999pt, 700.50687pt, 72.26999pt)
* \paperwidth=597.50787pt
* \paperheight=845.04684pt
* \textwidth=452.9679pt
* \textheight=700.50687pt
* \oddsidemargin=0.0pt
* \evensidemargin=0.0pt
* \topmargin=-37.0pt
* \headheight=12.0pt
* \headsep=25.0pt
* \topskip=10.0pt
* \footskip=30.0pt
* \marginparwidth=65.0pt
* \marginparsep=11.0pt
* \columnsep=10.0pt
* \skip\footins=9.0pt plus 4.0pt minus 2.0pt
* \hoffset=0.0pt
* \voffset=0.0pt
* \mag=1000
* \@twocolumnfalse
* \@twosidefalse
* \@mparswitchfalse
* \@reversemarginfalse
* (1in=72.27pt=25.4mm, 1cm=28.453pt)

LaTeX Font Info:    External font `cmex10' loaded for size
(Font)              <12> on input line 10.
LaTeX Font Info:    External font `cmex10' loaded for size
(Font)              <8> on input line 10.
LaTeX Font Info:    External font `cmex10' loaded for size
(Font)              <6> on input line 10.
<1/1_0.png, id=1, 453.695pt x 22.0825pt>
File: 1/1_0.png Graphic file (type png)
<use 1/1_0.png>
Package pdftex.def Info: 1/1_0.png  used on input line 17.
(pdftex.def)             Requested size: 452.9679pt x 22.04738pt.
<1/1_a.png, id=3, 1101.11375pt x 556.0775pt>
File: 1/1_a.png Graphic file (type png)
<use 1/1_a.png>
Package pdftex.def Info: 1/1_a.png  used on input line 23.
(pdftex.def)             Requested size: 452.9679pt x 228.7569pt.
<1/1_b.png, id=4, 1056.94875pt x 511.9125pt>
File: 1/1_b.png Graphic file (type png)
<use 1/1_b.png>
Package pdftex.def Info: 1/1_b.png  used on input line 29.
(pdftex.def)             Requested size: 452.9679pt x 219.38383pt.
[1

{/usr/local/texlive/2023basic/texmf-var/fonts/map/pdftex/updmap/pdftex.map} <./
1/1_0.png> <./1/1_a.png>]
<1/1_c.png, id=16, 1101.11375pt x 556.0775pt>
File: 1/1_c.png Graphic file (type png)
<use 1/1_c.png>
Package pdftex.def Info: 1/1_c.png  used on input line 35.
(pdftex.def)             Requested size: 452.9679pt x 228.7569pt.
<1/1_d.png, id=17, 1101.11375pt x 556.0775pt>
File: 1/1_d.png Graphic file (type png)
<use 1/1_d.png>
Package pdftex.def Info: 1/1_d.png  used on input line 41.
(pdftex.def)             Requested size: 452.9679pt x 228.7569pt.
 [2 <./1/1_b.png> <./1/1_c.png>]
<1/2.png, id=23, 1101.11375pt x 556.0775pt>
File: 1/2.png Graphic file (type png)
<use 1/2.png>
Package pdftex.def Info: 1/2.png  used on input line 47.
(pdftex.def)             Requested size: 452.9679pt x 228.7569pt.
<1/3_a.png, id=24, 1101.11375pt x 556.0775pt>
File: 1/3_a.png Graphic file (type png)
<use 1/3_a.png>
Package pdftex.def Info: 1/3_a.png  used on input line 53.
(pdftex.def)             Requested size: 452.9679pt x 228.7569pt.
 [3 <./1/1_d.png> <./1/2.png>]
<1/3_b.png, id=30, 1101.11375pt x 556.0775pt>
File: 1/3_b.png Graphic file (type png)
<use 1/3_b.png>
Package pdftex.def Info: 1/3_b.png  used on input line 59.
(pdftex.def)             Requested size: 452.9679pt x 228.7569pt.
<1/3_c.png, id=31, 1101.11375pt x 556.0775pt>
File: 1/3_c.png Graphic file (type png)
<use 1/3_c.png>
Package pdftex.def Info: 1/3_c.png  used on input line 65.
(pdftex.def)             Requested size: 452.9679pt x 228.7569pt.
 [4 <./1/3_a.png> <./1/3_b.png>]
<1/4_b.png, id=37, 1101.11375pt x 556.0775pt>
File: 1/4_b.png Graphic file (type png)
<use 1/4_b.png>
Package pdftex.def Info: 1/4_b.png  used on input line 71.
(pdftex.def)             Requested size: 452.9679pt x 228.7569pt.
<1/4_c.png, id=38, 1101.11375pt x 556.0775pt>
File: 1/4_c.png Graphic file (type png)
<use 1/4_c.png>
Package pdftex.def Info: 1/4_c.png  used on input line 77.
(pdftex.def)             Requested size: 452.9679pt x 228.7569pt.
 [5 <./1/3_c.png> <./1/4_b.png>]
<1/5.png, id=44, 1101.11375pt x 556.0775pt>
File: 1/5.png Graphic file (type png)
<use 1/5.png>
Package pdftex.def Info: 1/5.png  used on input line 83.
(pdftex.def)             Requested size: 452.9679pt x 228.7569pt.
<2/1.png, id=45, 592.2125pt x 27.10126pt>
File: 2/1.png Graphic file (type png)
<use 2/1.png>
Package pdftex.def Info: 2/1.png  used on input line 92.
(pdftex.def)             Requested size: 452.9679pt x 20.72949pt.
<2/2.png, id=46, 451.6875pt x 27.10126pt>
File: 2/2.png Graphic file (type png)
<use 2/2.png>
Package pdftex.def Info: 2/2.png  used on input line 98.
(pdftex.def)             Requested size: 452.9679pt x 27.17975pt.
<2/3.png, id=47, 1101.11375pt x 556.0775pt>
File: 2/3.png Graphic file (type png)
<use 2/3.png>
Package pdftex.def Info: 2/3.png  used on input line 104.
(pdftex.def)             Requested size: 452.9679pt x 228.7569pt.

[6 <./1/4_c.png> <./1/5.png> <./2/1.png> <./2/2.png>]
<2/4.png, id=55, 1101.11375pt x 556.0775pt>
File: 2/4.png Graphic file (type png)
<use 2/4.png>
Package pdftex.def Info: 2/4.png  used on input line 110.
(pdftex.def)             Requested size: 452.9679pt x 228.7569pt.
<2/5.png, id=56, 1101.11375pt x 556.0775pt>
File: 2/5.png Graphic file (type png)
<use 2/5.png>
Package pdftex.def Info: 2/5.png  used on input line 116.
(pdftex.def)             Requested size: 452.9679pt x 228.7569pt.
 [7 <./2/3.png> <./2/4.png>]
<2/6.png, id=63, 1101.11375pt x 556.0775pt>
File: 2/6.png Graphic file (type png)
<use 2/6.png>
Package pdftex.def Info: 2/6.png  used on input line 122.
(pdftex.def)             Requested size: 452.9679pt x 228.7569pt.
<2/7.png, id=64, 1101.11375pt x 556.0775pt>
File: 2/7.png Graphic file (type png)
<use 2/7.png>
Package pdftex.def Info: 2/7.png  used on input line 128.
(pdftex.def)             Requested size: 452.9679pt x 228.7569pt.
 [8 <./2/5.png> <./2/6.png>]
<2/8.png, id=70, 1101.11375pt x 556.0775pt>
File: 2/8.png Graphic file (type png)
<use 2/8.png>
Package pdftex.def Info: 2/8.png  used on input line 134.
(pdftex.def)             Requested size: 452.9679pt x 228.7569pt.
<2/9.png, id=71, 1101.11375pt x 556.0775pt>
File: 2/9.png Graphic file (type png)
<use 2/9.png>
Package pdftex.def Info: 2/9.png  used on input line 140.
(pdftex.def)             Requested size: 452.9679pt x 228.7569pt.
 [9 <./2/7.png> <./2/8.png>]
<2/10.png, id=77, 1101.11375pt x 556.0775pt>
File: 2/10.png Graphic file (type png)
<use 2/10.png>
Package pdftex.def Info: 2/10.png  used on input line 146.
(pdftex.def)             Requested size: 452.9679pt x 228.7569pt.
<2/11.png, id=78, 1229.59375pt x 914.41624pt>
File: 2/11.png Graphic file (type png)
<use 2/11.png>
Package pdftex.def Info: 2/11.png  used on input line 152.
(pdftex.def)             Requested size: 452.9679pt x 336.86366pt.
 [10 <./2/9.png> <./2/10.png>]
<2/12.png, id=84, 1229.59375pt x 914.41624pt>
File: 2/12.png Graphic file (type png)
<use 2/12.png>
Package pdftex.def Info: 2/12.png  used on input line 158.
(pdftex.def)             Requested size: 452.9679pt x 336.86366pt.
 [11 <./2/11.png>]
<2/13.png, id=89, 1229.59375pt x 914.41624pt>
File: 2/13.png Graphic file (type png)
<use 2/13.png>
Package pdftex.def Info: 2/13.png  used on input line 164.
(pdftex.def)             Requested size: 452.9679pt x 336.86366pt.
 [12 <./2/12.png>]
<2/14.png, id=94, 1229.59375pt x 914.41624pt>
File: 2/14.png Graphic file (type png)
<use 2/14.png>
Package pdftex.def Info: 2/14.png  used on input line 170.
(pdftex.def)             Requested size: 452.9679pt x 336.86366pt.
 [13 <./2/13.png>]
<2/15.png, id=100, 1229.59375pt x 914.41624pt>
File: 2/15.png Graphic file (type png)
<use 2/15.png>
Package pdftex.def Info: 2/15.png  used on input line 176.
(pdftex.def)             Requested size: 452.9679pt x 336.86366pt.
 [14 <./2/14.png>]
<2/16.png, id=105, 1229.59375pt x 914.41624pt>
File: 2/16.png Graphic file (type png)
<use 2/16.png>
Package pdftex.def Info: 2/16.png  used on input line 182.
(pdftex.def)             Requested size: 452.9679pt x 336.86366pt.
 [15 <./2/15.png>]
<2/17.png, id=110, 1229.59375pt x 914.41624pt>
File: 2/17.png Graphic file (type png)
<use 2/17.png>
Package pdftex.def Info: 2/17.png  used on input line 188.
(pdftex.def)             Requested size: 452.9679pt x 336.86366pt.
 [16 <./2/16.png>]
<2/18.png, id=115, 1229.59375pt x 914.41624pt>
File: 2/18.png Graphic file (type png)
<use 2/18.png>
Package pdftex.def Info: 2/18.png  used on input line 194.
(pdftex.def)             Requested size: 452.9679pt x 336.86366pt.
 [17 <./2/17.png>]
<2/19.png, id=120, 1229.59375pt x 914.41624pt>
File: 2/19.png Graphic file (type png)
<use 2/19.png>
Package pdftex.def Info: 2/19.png  used on input line 200.
(pdftex.def)             Requested size: 452.9679pt x 336.86366pt.
 [18 <./2/18.png>]
[19 <./2/19.png>] (./22001158.aux) ) 
Here is how much of TeX's memory you used:
 2153 strings out of 477476
 34417 string characters out of 5824244
 1851388 words of memory out of 5000000
 22387 multiletter control sequences out of 15000+600000
 516234 words of font info for 45 fonts, out of 8000000 for 9000
 319 hyphenation exceptions out of 8191
 57i,6n,62p,203b,230s stack positions out of 10000i,1000n,20000p,200000b,200000s
</usr/local/texlive/2023basic/texmf-dist/fo
nts/type1/public/amsfonts/cm/cmbx12.pfb></usr/local/texlive/2023basic/texmf-dis
t/fonts/type1/public/amsfonts/cm/cmr10.pfb></usr/local/texlive/2023basic/texmf-
dist/fonts/type1/public/amsfonts/cm/cmr12.pfb></usr/local/texlive/2023basic/tex
mf-dist/fonts/type1/public/amsfonts/cm/cmr17.pfb>
Output written on 22001158.pdf (19 pages, 9693339 bytes).
PDF statistics:
 149 PDF objects out of 1000 (max. 8388607)
 57 compressed objects within 1 object stream
 0 named destinations out of 1000 (max. 500000)
 156 words of extra memory for PDF output out of 10000 (max. 10000000)

